app/build/intermediates/manifest_merge_blame_file/debug/processDebugMainManifest/manifest-merger-blame-debug-report.txt
1<?xml version="1.0" encoding="utf-8"?>
2<manifest xmlns:android="http://schemas.android.com/apk/res/android"
3    package="com.vendedor.app"
4    android:versionCode="1"
5    android:versionName="1.0.0" >
6
7    <uses-sdk
8        android:minSdkVersion="26"
9        android:targetSdkVersion="35" />
10
11    <uses-feature
11-->src/main/AndroidManifest.xml:4:5-6:36
12        android:name="android.hardware.camera"
12-->src/main/AndroidManifest.xml:5:9-47
13        android:required="false" />
13-->src/main/AndroidManifest.xml:6:9-33
14
15    <uses-permission android:name="android.permission.CAMERA" />
15-->src/main/AndroidManifest.xml:8:5-65
15-->src/main/AndroidManifest.xml:8:22-62
16    <uses-permission android:name="android.permission.INTERNET" />
16-->src/main/AndroidManifest.xml:9:5-67
16-->src/main/AndroidManifest.xml:9:22-64
17
18    <queries>
18-->[net.openid:appauth:0.11.1] AndroidManifest.xml:24:5-32:15
19        <intent>
19-->[net.openid:appauth:0.11.1] AndroidManifest.xml:25:9-31:18
20            <action android:name="android.intent.action.VIEW" />
20-->[net.openid:appauth:0.11.1] AndroidManifest.xml:26:13-65
20-->[net.openid:appauth:0.11.1] AndroidManifest.xml:26:21-62
21
22            <category android:name="android.intent.category.BROWSABLE" />
22-->[net.openid:appauth:0.11.1] AndroidManifest.xml:28:13-74
22-->[net.openid:appauth:0.11.1] AndroidManifest.xml:28:23-71
23
24            <data android:scheme="https" />
24-->[net.openid:appauth:0.11.1] AndroidManifest.xml:30:13-44
24-->[net.openid:appauth:0.11.1] AndroidManifest.xml:30:19-41
25        </intent>
26    </queries>
27
28    <permission
28-->[androidx.core:core:1.15.0] AndroidManifest.xml:22:5-24:47
29        android:name="com.vendedor.app.DYNAMIC_RECEIVER_NOT_EXPORTED_PERMISSION"
29-->[androidx.core:core:1.15.0] AndroidManifest.xml:23:9-81
30        android:protectionLevel="signature" />
30-->[androidx.core:core:1.15.0] AndroidManifest.xml:24:9-44
31
32    <uses-permission android:name="com.vendedor.app.DYNAMIC_RECEIVER_NOT_EXPORTED_PERMISSION" />
32-->[androidx.core:core:1.15.0] AndroidManifest.xml:26:5-97
32-->[androidx.core:core:1.15.0] AndroidManifest.xml:26:22-94
33
34    <application
34-->src/main/AndroidManifest.xml:11:5-30:19
35        android:name="com.vendedor.app.VendedorApplication"
35-->src/main/AndroidManifest.xml:12:9-44
36        android:allowBackup="true"
36-->src/main/AndroidManifest.xml:13:9-35
37        android:appComponentFactory="androidx.core.app.CoreComponentFactory"
37-->[androidx.core:core:1.15.0] AndroidManifest.xml:28:18-86
38        android:debuggable="true"
39        android:extractNativeLibs="false"
40        android:icon="@mipmap/ic_launcher"
40-->src/main/AndroidManifest.xml:14:9-43
41        android:label="@string/app_name"
41-->src/main/AndroidManifest.xml:15:9-41
42        android:localeConfig="@xml/locales_config"
42-->src/main/AndroidManifest.xml:17:9-51
43        android:supportsRtl="true"
43-->src/main/AndroidManifest.xml:16:9-35
44        android:testOnly="true"
45        android:theme="@style/Theme.Vendedor" >
45-->src/main/AndroidManifest.xml:18:9-46
46        <activity
46-->src/main/AndroidManifest.xml:20:9-28:20
47            android:name="com.vendedor.app.MainActivity"
47-->src/main/AndroidManifest.xml:21:13-41
48            android:exported="true"
48-->src/main/AndroidManifest.xml:22:13-36
49            android:theme="@style/Theme.Vendedor" >
49-->src/main/AndroidManifest.xml:23:13-50
50            <intent-filter>
50-->src/main/AndroidManifest.xml:24:13-27:29
51                <action android:name="android.intent.action.MAIN" />
51-->src/main/AndroidManifest.xml:25:17-69
51-->src/main/AndroidManifest.xml:25:25-66
52
53                <category android:name="android.intent.category.LAUNCHER" />
53-->src/main/AndroidManifest.xml:26:17-77
53-->src/main/AndroidManifest.xml:26:27-74
54            </intent-filter>
55        </activity>
56
57        <service
57-->[androidx.camera:camera-camera2:1.4.1] AndroidManifest.xml:24:9-33:19
58            android:name="androidx.camera.core.impl.MetadataHolderService"
58-->[androidx.camera:camera-camera2:1.4.1] AndroidManifest.xml:25:13-75
59            android:enabled="false"
59-->[androidx.camera:camera-camera2:1.4.1] AndroidManifest.xml:26:13-36
60            android:exported="false" >
60-->[androidx.camera:camera-camera2:1.4.1] AndroidManifest.xml:27:13-37
61            <meta-data
61-->[androidx.camera:camera-camera2:1.4.1] AndroidManifest.xml:30:13-32:89
62                android:name="androidx.camera.core.impl.MetadataHolderService.DEFAULT_CONFIG_PROVIDER"
62-->[androidx.camera:camera-camera2:1.4.1] AndroidManifest.xml:31:17-103
63                android:value="androidx.camera.camera2.Camera2Config$DefaultProvider" />
63-->[androidx.camera:camera-camera2:1.4.1] AndroidManifest.xml:32:17-86
64        </service>
65
66        <activity
66-->[net.openid:appauth:0.11.1] AndroidManifest.xml:35:9-40:77
67            android:name="net.openid.appauth.AuthorizationManagementActivity"
67-->[net.openid:appauth:0.11.1] AndroidManifest.xml:36:13-78
68            android:configChanges="screenSize|smallestScreenSize|screenLayout|orientation|keyboard|keyboardHidden"
68-->[net.openid:appauth:0.11.1] AndroidManifest.xml:37:13-115
69            android:exported="false"
69-->[net.openid:appauth:0.11.1] AndroidManifest.xml:38:13-37
70            android:launchMode="singleTask"
70-->[net.openid:appauth:0.11.1] AndroidManifest.xml:39:13-44
71            android:theme="@style/Theme.AppCompat.Translucent.NoTitleBar" />
71-->[net.openid:appauth:0.11.1] AndroidManifest.xml:40:13-74
72        <activity
72-->[net.openid:appauth:0.11.1] AndroidManifest.xml:41:9-52:20
73            android:name="net.openid.appauth.RedirectUriReceiverActivity"
73-->[net.openid:appauth:0.11.1] AndroidManifest.xml:42:13-74
74            android:exported="true" >
74-->[net.openid:appauth:0.11.1] AndroidManifest.xml:43:13-36
75            <intent-filter>
75-->[net.openid:appauth:0.11.1] AndroidManifest.xml:44:13-51:29
76                <action android:name="android.intent.action.VIEW" />
76-->[net.openid:appauth:0.11.1] AndroidManifest.xml:26:13-65
76-->[net.openid:appauth:0.11.1] AndroidManifest.xml:26:21-62
77
78                <category android:name="android.intent.category.DEFAULT" />
78-->[net.openid:appauth:0.11.1] AndroidManifest.xml:47:17-76
78-->[net.openid:appauth:0.11.1] AndroidManifest.xml:47:27-73
79                <category android:name="android.intent.category.BROWSABLE" />
79-->[net.openid:appauth:0.11.1] AndroidManifest.xml:28:13-74
79-->[net.openid:appauth:0.11.1] AndroidManifest.xml:28:23-71
80
81                <data android:scheme="com.vendedor.app" />
81-->[net.openid:appauth:0.11.1] AndroidManifest.xml:30:13-44
81-->[net.openid:appauth:0.11.1] AndroidManifest.xml:30:19-41
82            </intent-filter>
83        </activity>
84        <activity
84-->[androidx.compose.ui:ui-tooling-android:1.7.6] AndroidManifest.xml:23:9-25:39
85            android:name="androidx.compose.ui.tooling.PreviewActivity"
85-->[androidx.compose.ui:ui-tooling-android:1.7.6] AndroidManifest.xml:24:13-71
86            android:exported="true" />
86-->[androidx.compose.ui:ui-tooling-android:1.7.6] AndroidManifest.xml:25:13-36
87        <activity
87-->[androidx.compose.ui:ui-test-manifest:1.7.6] AndroidManifest.xml:23:9-25:39
88            android:name="androidx.activity.ComponentActivity"
88-->[androidx.compose.ui:ui-test-manifest:1.7.6] AndroidManifest.xml:24:13-63
89            android:exported="true" />
89-->[androidx.compose.ui:ui-test-manifest:1.7.6] AndroidManifest.xml:25:13-36
90
91        <provider
91-->[androidx.lifecycle:lifecycle-process:2.8.7] AndroidManifest.xml:24:9-32:20
92            android:name="androidx.startup.InitializationProvider"
92-->[androidx.lifecycle:lifecycle-process:2.8.7] AndroidManifest.xml:25:13-67
93            android:authorities="com.vendedor.app.androidx-startup"
93-->[androidx.lifecycle:lifecycle-process:2.8.7] AndroidManifest.xml:26:13-68
94            android:exported="false" >
94-->[androidx.lifecycle:lifecycle-process:2.8.7] AndroidManifest.xml:27:13-37
95            <meta-data
95-->[androidx.lifecycle:lifecycle-process:2.8.7] AndroidManifest.xml:29:13-31:52
96                android:name="androidx.lifecycle.ProcessLifecycleInitializer"
96-->[androidx.lifecycle:lifecycle-process:2.8.7] AndroidManifest.xml:30:17-78
97                android:value="androidx.startup" />
97-->[androidx.lifecycle:lifecycle-process:2.8.7] AndroidManifest.xml:31:17-49
98            <meta-data
98-->[androidx.emoji2:emoji2:1.3.0] AndroidManifest.xml:29:13-31:52
99                android:name="androidx.emoji2.text.EmojiCompatInitializer"
99-->[androidx.emoji2:emoji2:1.3.0] AndroidManifest.xml:30:17-75
100                android:value="androidx.startup" />
100-->[androidx.emoji2:emoji2:1.3.0] AndroidManifest.xml:31:17-49
101            <meta-data
101-->[androidx.profileinstaller:profileinstaller:1.4.1] AndroidManifest.xml:29:13-31:52
102                android:name="androidx.profileinstaller.ProfileInstallerInitializer"
102-->[androidx.profileinstaller:profileinstaller:1.4.1] AndroidManifest.xml:30:17-85
103                android:value="androidx.startup" />
103-->[androidx.profileinstaller:profileinstaller:1.4.1] AndroidManifest.xml:31:17-49
104        </provider>
105
106        <service
106-->[androidx.room:room-runtime:2.6.1] AndroidManifest.xml:24:9-28:63
107            android:name="androidx.room.MultiInstanceInvalidationService"
107-->[androidx.room:room-runtime:2.6.1] AndroidManifest.xml:25:13-74
108            android:directBootAware="true"
108-->[androidx.room:room-runtime:2.6.1] AndroidManifest.xml:26:13-43
109            android:exported="false" />
109-->[androidx.room:room-runtime:2.6.1] AndroidManifest.xml:27:13-37
110
111        <receiver
111-->[androidx.profileinstaller:profileinstaller:1.4.1] AndroidManifest.xml:34:9-52:20
112            android:name="androidx.profileinstaller.ProfileInstallReceiver"
112-->[androidx.profileinstaller:profileinstaller:1.4.1] AndroidManifest.xml:35:13-76
113            android:directBootAware="false"
113-->[androidx.profileinstaller:profileinstaller:1.4.1] AndroidManifest.xml:36:13-44
114            android:enabled="true"
114-->[androidx.profileinstaller:profileinstaller:1.4.1] AndroidManifest.xml:37:13-35
115            android:exported="true"
115-->[androidx.profileinstaller:profileinstaller:1.4.1] AndroidManifest.xml:38:13-36
116            android:permission="android.permission.DUMP" >
116-->[androidx.profileinstaller:profileinstaller:1.4.1] AndroidManifest.xml:39:13-57
117            <intent-filter>
117-->[androidx.profileinstaller:profileinstaller:1.4.1] AndroidManifest.xml:40:13-42:29
118                <action android:name="androidx.profileinstaller.action.INSTALL_PROFILE" />
118-->[androidx.profileinstaller:profileinstaller:1.4.1] AndroidManifest.xml:41:17-91
118-->[androidx.profileinstaller:profileinstaller:1.4.1] AndroidManifest.xml:41:25-88
119            </intent-filter>
120            <intent-filter>
120-->[androidx.profileinstaller:profileinstaller:1.4.1] AndroidManifest.xml:43:13-45:29
121                <action android:name="androidx.profileinstaller.action.SKIP_FILE" />
121-->[androidx.profileinstaller:profileinstaller:1.4.1] AndroidManifest.xml:44:17-85
121-->[androidx.profileinstaller:profileinstaller:1.4.1] AndroidManifest.xml:44:25-82
122            </intent-filter>
123            <intent-filter>
123-->[androidx.profileinstaller:profileinstaller:1.4.1] AndroidManifest.xml:46:13-48:29
124                <action android:name="androidx.profileinstaller.action.SAVE_PROFILE" />
124-->[androidx.profileinstaller:profileinstaller:1.4.1] AndroidManifest.xml:47:17-88
124-->[androidx.profileinstaller:profileinstaller:1.4.1] AndroidManifest.xml:47:25-85
125            </intent-filter>
126            <intent-filter>
126-->[androidx.profileinstaller:profileinstaller:1.4.1] AndroidManifest.xml:49:13-51:29
127                <action android:name="androidx.profileinstaller.action.BENCHMARK_OPERATION" />
127-->[androidx.profileinstaller:profileinstaller:1.4.1] AndroidManifest.xml:50:17-95
127-->[androidx.profileinstaller:profileinstaller:1.4.1] AndroidManifest.xml:50:25-92
128            </intent-filter>
129        </receiver>
130    </application>
131
132</manifest>